<?xml version="1.0" encoding="UTF-8"?>
<testng-results skipped="0" failed="0" total="1" passed="1">
  <reporter-output>
  </reporter-output>
  <suite name="Default suite" duration-ms="7100" started-at="2016-03-09T09:46:10Z" finished-at="2016-03-09T09:46:17Z">
    <groups>
    </groups>
    <test name="Default test" duration-ms="7100" started-at="2016-03-09T09:46:10Z" finished-at="2016-03-09T09:46:17Z">
      <class name="com.example.tests.LoginTest">
        <test-method status="PASS" signature="setUp()[pri:0, instance:com.example.tests.LoginTest@13b6d03]" name="setUp" is-config="true" duration-ms="4901" started-at="2016-03-09T12:46:10Z" finished-at="2016-03-09T12:46:15Z">
          <reporter-output>
          </reporter-output>
        </test-method> <!-- setUp -->
        <test-method status="PASS" signature="loginTest()[pri:0, instance:com.example.tests.LoginTest@13b6d03]" name="loginTest" duration-ms="2190" started-at="2016-03-09T12:46:15Z" finished-at="2016-03-09T12:46:17Z">
          <reporter-output>
          </reporter-output>
        </test-method> <!-- loginTest -->
        <test-method status="PASS" signature="tearDown()[pri:0, instance:com.example.tests.LoginTest@13b6d03]" name="tearDown" is-config="true" duration-ms="0" started-at="2016-03-09T12:46:17Z" finished-at="2016-03-09T12:46:17Z">
          <reporter-output>
          </reporter-output>
        </test-method> <!-- tearDown -->
      </class> <!-- com.example.tests.LoginTest -->
    </test> <!-- Default test -->
  </suite> <!-- Default suite -->
</testng-results>
